TN:
SF:src\game.js
FN:3,(anonymous_0)
FN:13,(anonymous_1)
FN:25,(anonymous_2)
FN:37,(anonymous_3)
FN:45,(anonymous_4)
FN:49,(anonymous_5)
FN:59,(anonymous_6)
FN:68,(anonymous_7)
FN:76,(anonymous_8)
FNF:9
FNH:9
FNDA:30,(anonymous_0)
FNDA:6,(anonymous_1)
FNDA:8,(anonymous_2)
FNDA:24,(anonymous_3)
FNDA:1,(anonymous_4)
FNDA:4,(anonymous_5)
FNDA:5,(anonymous_6)
FNDA:3,(anonymous_7)
FNDA:1,(anonymous_8)
DA:4,30
DA:5,30
DA:6,30
DA:14,6
DA:15,3
DA:18,3
DA:19,2
DA:22,1
DA:26,8
DA:27,3
DA:30,5
DA:31,4
DA:34,1
DA:38,24
DA:39,22
DA:40,22
DA:42,2
DA:46,1
DA:50,4
DA:51,1
DA:54,3
DA:55,1
DA:58,2
DA:59,5
DA:61,2
DA:62,1
DA:65,1
DA:69,3
DA:70,2
DA:71,2
DA:73,1
DA:77,1
DA:78,1
DA:83,1
DA:84,1
LF:35
LH:35
BRDA:14,0,0,3
BRDA:14,0,1,3
BRDA:14,1,0,6
BRDA:14,1,1,4
BRDA:18,2,0,2
BRDA:18,2,1,1
BRDA:26,3,0,3
BRDA:26,3,1,5
BRDA:26,4,0,8
BRDA:26,4,1,6
BRDA:30,5,0,4
BRDA:30,5,1,1
BRDA:38,6,0,22
BRDA:38,6,1,2
BRDA:38,7,0,24
BRDA:38,7,1,23
BRDA:50,8,0,1
BRDA:50,8,1,3
BRDA:54,9,0,1
BRDA:54,9,1,2
BRDA:61,10,0,1
BRDA:61,10,1,1
BRDA:69,11,0,2
BRDA:69,11,1,1
BRDA:83,12,0,1
BRDA:83,12,1,0
BRDA:83,13,0,1
BRDA:83,13,1,1
BRF:28
BRH:27
end_of_record
